[     478ms] [LOG] [Fast Refresh] rebuilding @ http://localhost:3000/_next/static/chunks/0i1f_next_dist_00kn30-._.js:2431
[     521ms] [LOG] [Fast Refresh] done in 145ms @ http://localhost:3000/_next/static/chunks/0i1f_next_dist_00kn30-._.js:2431
[    1004ms] [VERBOSE] [DOM] Input elements should have autocomplete attributes (suggested: "current-password"): (More info: https://goo.gl/9p2vKq) %o @ http://localhost:3000/register:0
[    1037ms] [INFO] %cDownload the React DevTools for a better development experience: https://react.dev/link/react-devtools font-weight:bold @ http://localhost:3000/_next/static/chunks/0i1f_next_dist_00kn30-._.js:2431
[    1189ms] [LOG] [HMR] connected @ http://localhost:3000/_next/static/chunks/0i1f_next_dist_00kn30-._.js:2431
[    3460ms] [LOG] [Fast Refresh] rebuilding @ http://localhost:3000/_next/static/chunks/0i1f_next_dist_00kn30-._.js:2431
[    3618ms] [LOG] [Fast Refresh] done in 224ms @ http://localhost:3000/_next/static/chunks/0i1f_next_dist_00kn30-._.js:2431
[    8229ms] [LOG] [Fast Refresh] rebuilding @ http://localhost:3000/_next/static/chunks/0i1f_next_dist_00kn30-._.js:2431
[   10221ms] [LOG] [Fast Refresh] done in 1139ms @ http://localhost:3000/_next/static/chunks/0i1f_next_dist_00kn30-._.js:2431
[   10340ms] [LOG] [Fast Refresh] rebuilding @ http://localhost:3000/_next/static/chunks/0i1f_next_dist_00kn30-._.js:2431
[   10488ms] [LOG] [Fast Refresh] done in 249ms @ http://localhost:3000/_next/static/chunks/0i1f_next_dist_00kn30-._.js:2431
[   11991ms] [LOG] [post-auth] {isLoading: false, isAuthenticated: true, profile: undefined} @ http://localhost:3000/_next/static/chunks/0i1f_next_dist_00kn30-._.js:2431
[   11995ms] [LOG] [post-auth] {isLoading: false, isAuthenticated: true, profile: undefined} @ http://localhost:3000/_next/static/chunks/0i1f_next_dist_00kn30-._.js:2431
[   12198ms] [LOG] [post-auth] {isLoading: false, isAuthenticated: true, profile: Object} @ http://localhost:3000/_next/static/chunks/0i1f_next_dist_00kn30-._.js:2431
[   12347ms] [ERROR] Failed to load resource: the server responded with a status of 404 (Not Found) @ http://localhost:3000/teacher/dashboard?_rsc=1av1r:0
[   12565ms] [LOG] [Fast Refresh] rebuilding @ http://localhost:3000/_next/static/chunks/0i1f_next_dist_00kn30-._.js:2431
[   13426ms] [LOG] [Fast Refresh] done in 961ms @ http://localhost:3000/_next/static/chunks/0i1f_next_dist_00kn30-._.js:2431
[   13460ms] [ERROR] Failed to load resource: the server responded with a status of 404 (Not Found) @ http://localhost:3000/teacher/dashboard:0
[   13592ms] [INFO] %cDownload the React DevTools for a better development experience: https://react.dev/link/react-devtools font-weight:bold @ http://localhost:3000/_next/static/chunks/0i1f_next_dist_00kn30-._.js:2431
[   13625ms] [LOG] [HMR] connected @ http://localhost:3000/_next/static/chunks/0i1f_next_dist_00kn30-._.js:2431
[   14369ms] [LOG] [Fast Refresh] rebuilding @ http://localhost:3000/_next/static/chunks/0i1f_next_dist_00kn30-._.js:2431
[   15351ms] [LOG] [Fast Refresh] done in 1082ms @ http://localhost:3000/_next/static/chunks/0i1f_next_dist_00kn30-._.js:2431
[   15496ms] [LOG] [Fast Refresh] rebuilding @ http://localhost:3000/_next/static/chunks/0i1f_next_dist_00kn30-._.js:2431
[   16539ms] [ERROR] Failed to load resource: the server responded with a status of 404 (Not Found) @ http://localhost:3000/teacher/dashboard?_rsc=1nkcf:0
[   16592ms] [LOG] [Fast Refresh] done in 1196ms @ http://localhost:3000/_next/static/chunks/0i1f_next_dist_00kn30-._.js:2431
[   17174ms] [LOG] [Fast Refresh] rebuilding @ http://localhost:3000/_next/static/chunks/0i1f_next_dist_00kn30-._.js:2431
[   17326ms] [LOG] [Fast Refresh] done in 252ms @ http://localhost:3000/_next/static/chunks/0i1f_next_dist_00kn30-._.js:2431
[   18839ms] [ERROR] Failed to load resource: the server responded with a status of 404 (Not Found) @ http://localhost:3000/teacher/dashboard?_rsc=1nkcf:0
[   18870ms] [LOG] [Fast Refresh] rebuilding @ http://localhost:3000/_next/static/chunks/0i1f_next_dist_00kn30-._.js:2431
[   19561ms] [LOG] [Fast Refresh] done in 792ms @ http://localhost:3000/_next/static/chunks/0i1f_next_dist_00kn30-._.js:2431
[   19753ms] [ERROR] Failed to load resource: the server responded with a status of 404 (Not Found) @ http://localhost:3000/teacher/dashboard:0
[   20093ms] [INFO] %cDownload the React DevTools for a better development experience: https://react.dev/link/react-devtools font-weight:bold @ http://localhost:3000/_next/static/chunks/0i1f_next_dist_00kn30-._.js:2431
[   20150ms] [LOG] [HMR] connected @ http://localhost:3000/_next/static/chunks/0i1f_next_dist_00kn30-._.js:2431
[   20299ms] [LOG] [Fast Refresh] rebuilding @ http://localhost:3000/_next/static/chunks/0i1f_next_dist_00kn30-._.js:2431
[   20312ms] [LOG] [Fast Refresh] done in 114ms @ http://localhost:3000/_next/static/chunks/0i1f_next_dist_00kn30-._.js:2431
[   20517ms] [LOG] [Fast Refresh] rebuilding @ http://localhost:3000/_next/static/chunks/0i1f_next_dist_00kn30-._.js:2431
[   20705ms] [LOG] [Fast Refresh] done in 290ms @ http://localhost:3000/_next/static/chunks/0i1f_next_dist_00kn30-._.js:2431
[   23517ms] [LOG] [Fast Refresh] rebuilding @ http://localhost:3000/_next/static/chunks/0i1f_next_dist_00kn30-._.js:2431
[   23692ms] [LOG] [Fast Refresh] done in 276ms @ http://localhost:3000/_next/static/chunks/0i1f_next_dist_00kn30-._.js:2431
[   24753ms] [LOG] [Fast Refresh] rebuilding @ http://localhost:3000/_next/static/chunks/0i1f_next_dist_00kn30-._.js:2431
[   24824ms] [LOG] [Fast Refresh] done in 173ms @ http://localhost:3000/_next/static/chunks/0i1f_next_dist_00kn30-._.js:2431
[   31381ms] [LOG] [Fast Refresh] rebuilding @ http://localhost:3000/_next/static/chunks/0i1f_next_dist_00kn30-._.js:2431
[   31402ms] [LOG] [Fast Refresh] done in 124ms @ http://localhost:3000/_next/static/chunks/0i1f_next_dist_00kn30-._.js:2431
[   74831ms] [LOG] [Fast Refresh] rebuilding @ http://localhost:3000/_next/static/chunks/0i1f_next_dist_00kn30-._.js:2431
[   75192ms] [LOG] [Fast Refresh] done in 366ms @ http://localhost:3000/_next/static/chunks/0i1f_next_dist_00kn30-._.js:2431
[   83450ms] [LOG] [Fast Refresh] rebuilding @ http://localhost:3000/_next/static/chunks/0i1f_next_dist_00kn30-._.js:2431
[   83728ms] [LOG] [Fast Refresh] done in 332ms @ http://localhost:3000/_next/static/chunks/0i1f_next_dist_00kn30-._.js:2431
[  106618ms] [LOG] [Fast Refresh] rebuilding @ http://localhost:3000/_next/static/chunks/0i1f_next_dist_00kn30-._.js:2431
[  114555ms] [LOG] [Fast Refresh] done in 826ms @ http://localhost:3000/_next/static/chunks/0i1f_next_dist_00kn30-._.js:2431
[  114673ms] [LOG] [Fast Refresh] rebuilding @ http://localhost:3000/_next/static/chunks/0i1f_next_dist_00kn30-._.js:2431
[  114742ms] [LOG] [Fast Refresh] done in 170ms @ http://localhost:3000/_next/static/chunks/0i1f_next_dist_00kn30-._.js:2431
[  115572ms] [LOG] [Fast Refresh] rebuilding @ http://localhost:3000/_next/static/chunks/0i1f_next_dist_00kn30-._.js:2431
[  115800ms] [LOG] [Fast Refresh] done in 330ms @ http://localhost:3000/_next/static/chunks/0i1f_next_dist_00kn30-._.js:2431
[  116114ms] [INFO] %cDownload the React DevTools for a better development experience: https://react.dev/link/react-devtools font-weight:bold @ http://localhost:3000/_next/static/chunks/0i1f_next_dist_00kn30-._.js:2431
[  116189ms] [LOG] [HMR] connected @ http://localhost:3000/_next/static/chunks/0i1f_next_dist_00kn30-._.js:2431
[  116484ms] [LOG] [Fast Refresh] rebuilding @ http://localhost:3000/_next/static/chunks/0i1f_next_dist_00kn30-._.js:2431
[  116809ms] [LOG] [Fast Refresh] done in 427ms @ http://localhost:3000/_next/static/chunks/0i1f_next_dist_00kn30-._.js:2431
[  133142ms] [LOG] [Fast Refresh] rebuilding @ http://localhost:3000/_next/static/chunks/0i1f_next_dist_00kn30-._.js:2431
[  134082ms] [LOG] [Fast Refresh] done in 393ms @ http://localhost:3000/_next/static/chunks/0i1f_next_dist_00kn30-._.js:2431
[  134378ms] [LOG] [Fast Refresh] rebuilding @ http://localhost:3000/_next/static/chunks/0i1f_next_dist_00kn30-._.js:2431
[  134469ms] [LOG] [Fast Refresh] done in 191ms @ http://localhost:3000/_next/static/chunks/0i1f_next_dist_00kn30-._.js:2431
[  136181ms] [LOG] [Fast Refresh] rebuilding @ http://localhost:3000/_next/static/chunks/0i1f_next_dist_00kn30-._.js:2431
[  136305ms] [LOG] [Fast Refresh] done in 225ms @ http://localhost:3000/_next/static/chunks/0i1f_next_dist_00kn30-._.js:2431
