[     465ms] [LOG] [Fast Refresh] rebuilding @ http://localhost:3000/_next/static/chunks/0i1f_next_dist_00kn30-._.js:2431
[     500ms] [LOG] [Fast Refresh] done in 151ms @ http://localhost:3000/_next/static/chunks/0i1f_next_dist_00kn30-._.js:2431
[    1100ms] [INFO] %cDownload the React DevTools for a better development experience: https://react.dev/link/react-devtools font-weight:bold @ http://localhost:3000/_next/static/chunks/0i1f_next_dist_00kn30-._.js:2431
[    1206ms] [LOG] [HMR] connected @ http://localhost:3000/_next/static/chunks/0i1f_next_dist_00kn30-._.js:2431
[    5294ms] [LOG] [Fast Refresh] rebuilding @ http://localhost:3000/_next/static/chunks/0i1f_next_dist_00kn30-._.js:2431
[    5882ms] [LOG] [Fast Refresh] done in 690ms @ http://localhost:3000/_next/static/chunks/0i1f_next_dist_00kn30-._.js:2431
[   23013ms] [LOG] [Fast Refresh] rebuilding @ http://localhost:3000/_next/static/chunks/0i1f_next_dist_00kn30-._.js:2431
[   24156ms] [LOG] [Fast Refresh] done in 597ms @ http://localhost:3000/_next/static/chunks/0i1f_next_dist_00kn30-._.js:2431
[   24762ms] [LOG] [Fast Refresh] rebuilding @ http://localhost:3000/_next/static/chunks/0i1f_next_dist_00kn30-._.js:2431
[   25001ms] [LOG] [Fast Refresh] done in 340ms @ http://localhost:3000/_next/static/chunks/0i1f_next_dist_00kn30-._.js:2431
[   29253ms] [LOG] [Fast Refresh] rebuilding @ http://localhost:3000/_next/static/chunks/0i1f_next_dist_00kn30-._.js:2431
[   29428ms] [LOG] [Fast Refresh] done in 127ms @ http://localhost:3000/_next/static/chunks/0i1f_next_dist_00kn30-._.js:2431
[   34399ms] [LOG] [Fast Refresh] rebuilding @ http://localhost:3000/_next/static/chunks/0i1f_next_dist_00kn30-._.js:2431
[   34658ms] [LOG] [Fast Refresh] done in 144ms @ http://localhost:3000/_next/static/chunks/0i1f_next_dist_00kn30-._.js:2431
[   38069ms] [LOG] [Fast Refresh] rebuilding @ http://localhost:3000/_next/static/chunks/0i1f_next_dist_00kn30-._.js:2431
[   38252ms] [LOG] [Fast Refresh] done in 219ms @ http://localhost:3000/_next/static/chunks/0i1f_next_dist_00kn30-._.js:2431
[   38354ms] [LOG] [Fast Refresh] rebuilding @ http://localhost:3000/_next/static/chunks/0i1f_next_dist_00kn30-._.js:2431
[   38376ms] [LOG] [Fast Refresh] done in 122ms @ http://localhost:3000/_next/static/chunks/0i1f_next_dist_00kn30-._.js:2431
[   38577ms] [LOG] [Fast Refresh] rebuilding @ http://localhost:3000/_next/static/chunks/0i1f_next_dist_00kn30-._.js:2431
[   38620ms] [LOG] [Fast Refresh] done in 144ms @ http://localhost:3000/_next/static/chunks/0i1f_next_dist_00kn30-._.js:2431
